[2020-05-16T10:11:47.393] [ERROR] app - { [Error: ENOENT: no such file or directory, open '/home/wangzz/Desktop/app/you-see-see-you/src/server/views/index.html']
  errno: -2,
  code: 'ENOENT',
  syscall: 'open',
  path:
   '/home/wangzz/Desktop/app/you-see-see-you/src/server/views/index.html' }
[2020-05-16T10:11:56.830] [ERROR] app - { [Error: ENOENT: no such file or directory, open '/home/wangzz/Desktop/app/you-see-see-you/src/server/views/index.html']
  errno: -2,
  code: 'ENOENT',
  syscall: 'open',
  path:
   '/home/wangzz/Desktop/app/you-see-see-you/src/server/views/index.html' }
[2020-05-16T18:44:02.169] [ERROR] app - { [Error: ENOENT: no such file or directory, open '/home/wangzz/Desktop/app/you-see-see-you/src/web/views/index.html']
  errno: -2,
  code: 'ENOENT',
  syscall: 'open',
  path:
   '/home/wangzz/Desktop/app/you-see-see-you/src/web/views/index.html' }
[2020-05-16T18:47:56.790] [ERROR] app - { [Error: ENOENT: no such file or directory, open '/home/wangzz/Desktop/app/you-see-see-you/src/web/views/index.html']
  errno: -2,
  code: 'ENOENT',
  syscall: 'open',
  path:
   '/home/wangzz/Desktop/app/you-see-see-you/src/web/views/index.html' }
[2020-05-16T18:47:58.626] [ERROR] app - { [Error: ENOENT: no such file or directory, open '/home/wangzz/Desktop/app/you-see-see-you/src/web/views/index.html']
  errno: -2,
  code: 'ENOENT',
  syscall: 'open',
  path:
   '/home/wangzz/Desktop/app/you-see-see-you/src/web/views/index.html' }
[2020-05-17T10:47:40.242] [ERROR] app - { [Error: ENOENT: no such file or directory, open '/home/wangzz/Desktop/app/you-see-see-you/src/web/views/index.html']
  errno: -2,
  code: 'ENOENT',
  syscall: 'open',
  path:
   '/home/wangzz/Desktop/app/you-see-see-you/src/web/views/index.html' }
[2020-05-17T11:14:23.293] [ERROR] app - { [Error: ENOENT: no such file or directory, open '/home/wangzz/Desktop/app/you-see-see-you/src/web/views/books/books.html']
  errno: -2,
  code: 'ENOENT',
  syscall: 'open',
  path:
   '/home/wangzz/Desktop/app/you-see-see-you/src/web/views/books/books.html' }
[2020-05-17T11:14:25.445] [ERROR] app - { [Error: ENOENT: no such file or directory, open '/home/wangzz/Desktop/app/you-see-see-you/src/web/views/books/books.html']
  errno: -2,
  code: 'ENOENT',
  syscall: 'open',
  path:
   '/home/wangzz/Desktop/app/you-see-see-you/src/web/views/books/books.html' }
[2020-05-17T11:14:27.229] [ERROR] app - { [Error: ENOENT: no such file or directory, open '/home/wangzz/Desktop/app/you-see-see-you/src/web/views/books/books.html']
  errno: -2,
  code: 'ENOENT',
  syscall: 'open',
  path:
   '/home/wangzz/Desktop/app/you-see-see-you/src/web/views/books/books.html' }
[2020-05-17T11:15:22.206] [ERROR] app - { Error: ENOENT: no such file or directory, open '/home/wangzz/Desktop/app/you-see-see-you/src/web/views/books/layouts/layout.html'
    at Object.openSync (fs.js:439:3)
    at Object.readFileSync (fs.js:344:35)
    at Object.ret.load (/home/wangzz/Desktop/app/you-see-see-you/node_modules/swig-templates/lib/loaders/filesystem.js:59:15)
    at exports.Swig.parseFile (/home/wangzz/Desktop/app/you-see-see-you/node_modules/swig-templates/lib/swig.js:403:31)
    at getParents (/home/wangzz/Desktop/app/you-see-see-you/node_modules/swig-templates/lib/swig.js:480:14)
    at exports.Swig.precompile (/home/wangzz/Desktop/app/you-see-see-you/node_modules/swig-templates/lib/swig.js:527:19)
    at exports.Swig.compile (/home/wangzz/Desktop/app/you-see-see-you/node_modules/swig-templates/lib/swig.js:651:16)
    at /home/wangzz/Desktop/app/you-see-see-you/node_modules/swig-templates/lib/swig.js:729:27
    at FSReqWrap.readFileAfterClose [as oncomplete] (internal/fs/read_file_context.js:53:3)
  errno: -2,
  syscall: 'open',
  code: 'ENOENT',
  path:
   '/home/wangzz/Desktop/app/you-see-see-you/src/web/views/books/layouts/layout.html' }
[2020-05-17T11:15:23.633] [ERROR] app - { Error: ENOENT: no such file or directory, open '/home/wangzz/Desktop/app/you-see-see-you/src/web/views/books/layouts/layout.html'
    at Object.openSync (fs.js:439:3)
    at Object.readFileSync (fs.js:344:35)
    at Object.ret.load (/home/wangzz/Desktop/app/you-see-see-you/node_modules/swig-templates/lib/loaders/filesystem.js:59:15)
    at exports.Swig.parseFile (/home/wangzz/Desktop/app/you-see-see-you/node_modules/swig-templates/lib/swig.js:403:31)
    at getParents (/home/wangzz/Desktop/app/you-see-see-you/node_modules/swig-templates/lib/swig.js:480:14)
    at exports.Swig.precompile (/home/wangzz/Desktop/app/you-see-see-you/node_modules/swig-templates/lib/swig.js:527:19)
    at exports.Swig.compile (/home/wangzz/Desktop/app/you-see-see-you/node_modules/swig-templates/lib/swig.js:651:16)
    at /home/wangzz/Desktop/app/you-see-see-you/node_modules/swig-templates/lib/swig.js:729:27
    at FSReqWrap.readFileAfterClose [as oncomplete] (internal/fs/read_file_context.js:53:3)
  errno: -2,
  syscall: 'open',
  code: 'ENOENT',
  path:
   '/home/wangzz/Desktop/app/you-see-see-you/src/web/views/books/layouts/layout.html' }
[2020-05-17T11:15:24.231] [ERROR] app - { Error: ENOENT: no such file or directory, open '/home/wangzz/Desktop/app/you-see-see-you/src/web/views/books/layouts/layout.html'
    at Object.openSync (fs.js:439:3)
    at Object.readFileSync (fs.js:344:35)
    at Object.ret.load (/home/wangzz/Desktop/app/you-see-see-you/node_modules/swig-templates/lib/loaders/filesystem.js:59:15)
    at exports.Swig.parseFile (/home/wangzz/Desktop/app/you-see-see-you/node_modules/swig-templates/lib/swig.js:403:31)
    at getParents (/home/wangzz/Desktop/app/you-see-see-you/node_modules/swig-templates/lib/swig.js:480:14)
    at exports.Swig.precompile (/home/wangzz/Desktop/app/you-see-see-you/node_modules/swig-templates/lib/swig.js:527:19)
    at exports.Swig.compile (/home/wangzz/Desktop/app/you-see-see-you/node_modules/swig-templates/lib/swig.js:651:16)
    at /home/wangzz/Desktop/app/you-see-see-you/node_modules/swig-templates/lib/swig.js:729:27
    at FSReqWrap.readFileAfterClose [as oncomplete] (internal/fs/read_file_context.js:53:3)
  errno: -2,
  syscall: 'open',
  code: 'ENOENT',
  path:
   '/home/wangzz/Desktop/app/you-see-see-you/src/web/views/books/layouts/layout.html' }
[2020-05-17T11:15:24.453] [ERROR] app - { Error: ENOENT: no such file or directory, open '/home/wangzz/Desktop/app/you-see-see-you/src/web/views/books/layouts/layout.html'
    at Object.openSync (fs.js:439:3)
    at Object.readFileSync (fs.js:344:35)
    at Object.ret.load (/home/wangzz/Desktop/app/you-see-see-you/node_modules/swig-templates/lib/loaders/filesystem.js:59:15)
    at exports.Swig.parseFile (/home/wangzz/Desktop/app/you-see-see-you/node_modules/swig-templates/lib/swig.js:403:31)
    at getParents (/home/wangzz/Desktop/app/you-see-see-you/node_modules/swig-templates/lib/swig.js:480:14)
    at exports.Swig.precompile (/home/wangzz/Desktop/app/you-see-see-you/node_modules/swig-templates/lib/swig.js:527:19)
    at exports.Swig.compile (/home/wangzz/Desktop/app/you-see-see-you/node_modules/swig-templates/lib/swig.js:651:16)
    at /home/wangzz/Desktop/app/you-see-see-you/node_modules/swig-templates/lib/swig.js:729:27
    at FSReqWrap.readFileAfterClose [as oncomplete] (internal/fs/read_file_context.js:53:3)
  errno: -2,
  syscall: 'open',
  code: 'ENOENT',
  path:
   '/home/wangzz/Desktop/app/you-see-see-you/src/web/views/books/layouts/layout.html' }
[2020-05-17T11:15:51.238] [ERROR] app - { Error: ENOENT: no such file or directory, open '/home/wangzz/Desktop/app/you-see-see-you/src/web/views/books/layouts/layout.html'
    at Object.openSync (fs.js:439:3)
    at Object.readFileSync (fs.js:344:35)
    at Object.ret.load (/home/wangzz/Desktop/app/you-see-see-you/node_modules/swig-templates/lib/loaders/filesystem.js:59:15)
    at exports.Swig.parseFile (/home/wangzz/Desktop/app/you-see-see-you/node_modules/swig-templates/lib/swig.js:403:31)
    at getParents (/home/wangzz/Desktop/app/you-see-see-you/node_modules/swig-templates/lib/swig.js:480:14)
    at exports.Swig.precompile (/home/wangzz/Desktop/app/you-see-see-you/node_modules/swig-templates/lib/swig.js:527:19)
    at exports.Swig.compile (/home/wangzz/Desktop/app/you-see-see-you/node_modules/swig-templates/lib/swig.js:651:16)
    at /home/wangzz/Desktop/app/you-see-see-you/node_modules/swig-templates/lib/swig.js:729:27
    at FSReqWrap.readFileAfterClose [as oncomplete] (internal/fs/read_file_context.js:53:3)
  errno: -2,
  syscall: 'open',
  code: 'ENOENT',
  path:
   '/home/wangzz/Desktop/app/you-see-see-you/src/web/views/books/layouts/layout.html' }
[2020-05-17T11:15:51.830] [ERROR] app - { Error: ENOENT: no such file or directory, open '/home/wangzz/Desktop/app/you-see-see-you/src/web/views/books/layouts/layout.html'
    at Object.openSync (fs.js:439:3)
    at Object.readFileSync (fs.js:344:35)
    at Object.ret.load (/home/wangzz/Desktop/app/you-see-see-you/node_modules/swig-templates/lib/loaders/filesystem.js:59:15)
    at exports.Swig.parseFile (/home/wangzz/Desktop/app/you-see-see-you/node_modules/swig-templates/lib/swig.js:403:31)
    at getParents (/home/wangzz/Desktop/app/you-see-see-you/node_modules/swig-templates/lib/swig.js:480:14)
    at exports.Swig.precompile (/home/wangzz/Desktop/app/you-see-see-you/node_modules/swig-templates/lib/swig.js:527:19)
    at exports.Swig.compile (/home/wangzz/Desktop/app/you-see-see-you/node_modules/swig-templates/lib/swig.js:651:16)
    at /home/wangzz/Desktop/app/you-see-see-you/node_modules/swig-templates/lib/swig.js:729:27
    at FSReqWrap.readFileAfterClose [as oncomplete] (internal/fs/read_file_context.js:53:3)
  errno: -2,
  syscall: 'open',
  code: 'ENOENT',
  path:
   '/home/wangzz/Desktop/app/you-see-see-you/src/web/views/books/layouts/layout.html' }
[2020-05-17T11:15:52.078] [ERROR] app - { Error: ENOENT: no such file or directory, open '/home/wangzz/Desktop/app/you-see-see-you/src/web/views/books/layouts/layout.html'
    at Object.openSync (fs.js:439:3)
    at Object.readFileSync (fs.js:344:35)
    at Object.ret.load (/home/wangzz/Desktop/app/you-see-see-you/node_modules/swig-templates/lib/loaders/filesystem.js:59:15)
    at exports.Swig.parseFile (/home/wangzz/Desktop/app/you-see-see-you/node_modules/swig-templates/lib/swig.js:403:31)
    at getParents (/home/wangzz/Desktop/app/you-see-see-you/node_modules/swig-templates/lib/swig.js:480:14)
    at exports.Swig.precompile (/home/wangzz/Desktop/app/you-see-see-you/node_modules/swig-templates/lib/swig.js:527:19)
    at exports.Swig.compile (/home/wangzz/Desktop/app/you-see-see-you/node_modules/swig-templates/lib/swig.js:651:16)
    at /home/wangzz/Desktop/app/you-see-see-you/node_modules/swig-templates/lib/swig.js:729:27
    at FSReqWrap.readFileAfterClose [as oncomplete] (internal/fs/read_file_context.js:53:3)
  errno: -2,
  syscall: 'open',
  code: 'ENOENT',
  path:
   '/home/wangzz/Desktop/app/you-see-see-you/src/web/views/books/layouts/layout.html' }
[2020-05-17T11:15:52.307] [ERROR] app - { Error: ENOENT: no such file or directory, open '/home/wangzz/Desktop/app/you-see-see-you/src/web/views/books/layouts/layout.html'
    at Object.openSync (fs.js:439:3)
    at Object.readFileSync (fs.js:344:35)
    at Object.ret.load (/home/wangzz/Desktop/app/you-see-see-you/node_modules/swig-templates/lib/loaders/filesystem.js:59:15)
    at exports.Swig.parseFile (/home/wangzz/Desktop/app/you-see-see-you/node_modules/swig-templates/lib/swig.js:403:31)
    at getParents (/home/wangzz/Desktop/app/you-see-see-you/node_modules/swig-templates/lib/swig.js:480:14)
    at exports.Swig.precompile (/home/wangzz/Desktop/app/you-see-see-you/node_modules/swig-templates/lib/swig.js:527:19)
    at exports.Swig.compile (/home/wangzz/Desktop/app/you-see-see-you/node_modules/swig-templates/lib/swig.js:651:16)
    at /home/wangzz/Desktop/app/you-see-see-you/node_modules/swig-templates/lib/swig.js:729:27
    at FSReqWrap.readFileAfterClose [as oncomplete] (internal/fs/read_file_context.js:53:3)
  errno: -2,
  syscall: 'open',
  code: 'ENOENT',
  path:
   '/home/wangzz/Desktop/app/you-see-see-you/src/web/views/books/layouts/layout.html' }
[2020-05-17T11:15:55.998] [ERROR] app - { Error: ENOENT: no such file or directory, open '/home/wangzz/Desktop/app/you-see-see-you/src/web/views/books/layouts/layout.html'
    at Object.openSync (fs.js:439:3)
    at Object.readFileSync (fs.js:344:35)
    at Object.ret.load (/home/wangzz/Desktop/app/you-see-see-you/node_modules/swig-templates/lib/loaders/filesystem.js:59:15)
    at exports.Swig.parseFile (/home/wangzz/Desktop/app/you-see-see-you/node_modules/swig-templates/lib/swig.js:403:31)
    at getParents (/home/wangzz/Desktop/app/you-see-see-you/node_modules/swig-templates/lib/swig.js:480:14)
    at exports.Swig.precompile (/home/wangzz/Desktop/app/you-see-see-you/node_modules/swig-templates/lib/swig.js:527:19)
    at exports.Swig.compile (/home/wangzz/Desktop/app/you-see-see-you/node_modules/swig-templates/lib/swig.js:651:16)
    at /home/wangzz/Desktop/app/you-see-see-you/node_modules/swig-templates/lib/swig.js:729:27
    at FSReqWrap.readFileAfterClose [as oncomplete] (internal/fs/read_file_context.js:53:3)
  errno: -2,
  syscall: 'open',
  code: 'ENOENT',
  path:
   '/home/wangzz/Desktop/app/you-see-see-you/src/web/views/books/layouts/layout.html' }
[2020-05-17T19:14:37.070] [ERROR] app - { [Error: ENOENT: no such file or directory, open '/home/wangzz/Desktop/app/you-see-see-you/dist/web/views/books/pages/books.html']
  errno: -2,
  code: 'ENOENT',
  syscall: 'open',
  path:
   '/home/wangzz/Desktop/app/you-see-see-you/dist/web/views/books/pages/books.html' }
[2020-05-17T19:14:41.840] [ERROR] app - { [Error: ENOENT: no such file or directory, open '/home/wangzz/Desktop/app/you-see-see-you/dist/web/views/index/index.html']
  errno: -2,
  code: 'ENOENT',
  syscall: 'open',
  path:
   '/home/wangzz/Desktop/app/you-see-see-you/dist/web/views/index/index.html' }
[2020-05-17T19:14:44.129] [ERROR] app - { [Error: ENOENT: no such file or directory, open '/home/wangzz/Desktop/app/you-see-see-you/dist/web/views/index/index.html']
  errno: -2,
  code: 'ENOENT',
  syscall: 'open',
  path:
   '/home/wangzz/Desktop/app/you-see-see-you/dist/web/views/index/index.html' }
[2020-05-17T19:14:50.110] [ERROR] app - { [Error: ENOENT: no such file or directory, open '/home/wangzz/Desktop/app/you-see-see-you/dist/web/views/index/index.html']
  errno: -2,
  code: 'ENOENT',
  syscall: 'open',
  path:
   '/home/wangzz/Desktop/app/you-see-see-you/dist/web/views/index/index.html' }
[2020-05-17T19:15:26.735] [ERROR] app - { [Error: ENOENT: no such file or directory, open '/home/wangzz/Desktop/app/you-see-see-you/dist/web/views/index/pages/index.html']
  errno: -2,
  code: 'ENOENT',
  syscall: 'open',
  path:
   '/home/wangzz/Desktop/app/you-see-see-you/dist/web/views/index/pages/index.html' }
[2020-05-17T19:15:27.812] [ERROR] app - { [Error: ENOENT: no such file or directory, open '/home/wangzz/Desktop/app/you-see-see-you/dist/web/views/index/pages/index.html']
  errno: -2,
  code: 'ENOENT',
  syscall: 'open',
  path:
   '/home/wangzz/Desktop/app/you-see-see-you/dist/web/views/index/pages/index.html' }
[2020-05-17T19:16:39.912] [ERROR] app - { [Error: ENOENT: no such file or directory, open '/home/wangzz/Desktop/app/you-see-see-you/dist/web/views/index/pages/index.html']
  errno: -2,
  code: 'ENOENT',
  syscall: 'open',
  path:
   '/home/wangzz/Desktop/app/you-see-see-you/dist/web/views/index/pages/index.html' }
[2020-05-17T19:16:52.926] [ERROR] app - { [Error: ENOENT: no such file or directory, open '/home/wangzz/Desktop/app/you-see-see-you/dist/web/views/books/pages/books.html']
  errno: -2,
  code: 'ENOENT',
  syscall: 'open',
  path:
   '/home/wangzz/Desktop/app/you-see-see-you/dist/web/views/books/pages/books.html' }
[2020-05-17T19:17:42.921] [ERROR] app - { [Error: ENOENT: no such file or directory, open '/home/wangzz/Desktop/app/you-see-see-you/dist/web/views/books/pages/books.html']
  errno: -2,
  code: 'ENOENT',
  syscall: 'open',
  path:
   '/home/wangzz/Desktop/app/you-see-see-you/dist/web/views/books/pages/books.html' }
[2020-05-17T19:17:45.197] [ERROR] app - { [Error: ENOENT: no such file or directory, open '/home/wangzz/Desktop/app/you-see-see-you/dist/web/views/books/pages/books.html']
  errno: -2,
  code: 'ENOENT',
  syscall: 'open',
  path:
   '/home/wangzz/Desktop/app/you-see-see-you/dist/web/views/books/pages/books.html' }
[2020-05-17T19:19:28.004] [ERROR] app - { [Error: ENOENT: no such file or directory, open '/home/wangzz/Desktop/app/you-see-see-you/web/views/books/pages/books.html']
  errno: -2,
  code: 'ENOENT',
  syscall: 'open',
  path:
   '/home/wangzz/Desktop/app/you-see-see-you/web/views/books/pages/books.html' }
[2020-05-17T19:19:51.655] [ERROR] app - { [Error: ENOENT: no such file or directory, open '/home/wangzz/Desktop/app/you-see-see-you/web/views/books/pages/books.html']
  errno: -2,
  code: 'ENOENT',
  syscall: 'open',
  path:
   '/home/wangzz/Desktop/app/you-see-see-you/web/views/books/pages/books.html' }
[2020-05-17T19:19:52.558] [ERROR] app - { [Error: ENOENT: no such file or directory, open '/home/wangzz/Desktop/app/you-see-see-you/web/views/books/pages/books.html']
  errno: -2,
  code: 'ENOENT',
  syscall: 'open',
  path:
   '/home/wangzz/Desktop/app/you-see-see-you/web/views/books/pages/books.html' }
[2020-05-17T19:19:55.172] [ERROR] app - { [Error: ENOENT: no such file or directory, open '/home/wangzz/Desktop/app/you-see-see-you/web/views/index/pages/index.html']
  errno: -2,
  code: 'ENOENT',
  syscall: 'open',
  path:
   '/home/wangzz/Desktop/app/you-see-see-you/web/views/index/pages/index.html' }
[2020-05-17T19:19:56.966] [ERROR] app - { [Error: ENOENT: no such file or directory, open '/home/wangzz/Desktop/app/you-see-see-you/web/views/index/pages/index.html']
  errno: -2,
  code: 'ENOENT',
  syscall: 'open',
  path:
   '/home/wangzz/Desktop/app/you-see-see-you/web/views/index/pages/index.html' }
[2020-05-17T19:19:57.463] [ERROR] app - { [Error: ENOENT: no such file or directory, open '/home/wangzz/Desktop/app/you-see-see-you/web/views/index/pages/index.html']
  errno: -2,
  code: 'ENOENT',
  syscall: 'open',
  path:
   '/home/wangzz/Desktop/app/you-see-see-you/web/views/index/pages/index.html' }
[2020-05-17T19:20:24.140] [ERROR] app - { [Error: ENOENT: no such file or directory, open '/home/wangzz/Desktop/app/you-see-see-you/web/views/index/pages/index.html']
  errno: -2,
  code: 'ENOENT',
  syscall: 'open',
  path:
   '/home/wangzz/Desktop/app/you-see-see-you/web/views/index/pages/index.html' }
[2020-05-17T19:20:24.847] [ERROR] app - { [Error: ENOENT: no such file or directory, open '/home/wangzz/Desktop/app/you-see-see-you/web/views/index/pages/index.html']
  errno: -2,
  code: 'ENOENT',
  syscall: 'open',
  path:
   '/home/wangzz/Desktop/app/you-see-see-you/web/views/index/pages/index.html' }
[2020-05-17T19:20:25.089] [ERROR] app - { [Error: ENOENT: no such file or directory, open '/home/wangzz/Desktop/app/you-see-see-you/web/views/index/pages/index.html']
  errno: -2,
  code: 'ENOENT',
  syscall: 'open',
  path:
   '/home/wangzz/Desktop/app/you-see-see-you/web/views/index/pages/index.html' }
[2020-05-17T19:20:25.316] [ERROR] app - { [Error: ENOENT: no such file or directory, open '/home/wangzz/Desktop/app/you-see-see-you/web/views/index/pages/index.html']
  errno: -2,
  code: 'ENOENT',
  syscall: 'open',
  path:
   '/home/wangzz/Desktop/app/you-see-see-you/web/views/index/pages/index.html' }
[2020-05-17T19:20:25.538] [ERROR] app - { [Error: ENOENT: no such file or directory, open '/home/wangzz/Desktop/app/you-see-see-you/web/views/index/pages/index.html']
  errno: -2,
  code: 'ENOENT',
  syscall: 'open',
  path:
   '/home/wangzz/Desktop/app/you-see-see-you/web/views/index/pages/index.html' }
[2020-05-17T19:20:25.759] [ERROR] app - { [Error: ENOENT: no such file or directory, open '/home/wangzz/Desktop/app/you-see-see-you/web/views/index/pages/index.html']
  errno: -2,
  code: 'ENOENT',
  syscall: 'open',
  path:
   '/home/wangzz/Desktop/app/you-see-see-you/web/views/index/pages/index.html' }
[2020-05-17T19:20:25.971] [ERROR] app - { [Error: ENOENT: no such file or directory, open '/home/wangzz/Desktop/app/you-see-see-you/web/views/index/pages/index.html']
  errno: -2,
  code: 'ENOENT',
  syscall: 'open',
  path:
   '/home/wangzz/Desktop/app/you-see-see-you/web/views/index/pages/index.html' }
[2020-05-17T19:20:26.201] [ERROR] app - { [Error: ENOENT: no such file or directory, open '/home/wangzz/Desktop/app/you-see-see-you/web/views/index/pages/index.html']
  errno: -2,
  code: 'ENOENT',
  syscall: 'open',
  path:
   '/home/wangzz/Desktop/app/you-see-see-you/web/views/index/pages/index.html' }
[2020-05-17T19:20:26.417] [ERROR] app - { [Error: ENOENT: no such file or directory, open '/home/wangzz/Desktop/app/you-see-see-you/web/views/index/pages/index.html']
  errno: -2,
  code: 'ENOENT',
  syscall: 'open',
  path:
   '/home/wangzz/Desktop/app/you-see-see-you/web/views/index/pages/index.html' }
[2020-05-17T19:20:26.638] [ERROR] app - { [Error: ENOENT: no such file or directory, open '/home/wangzz/Desktop/app/you-see-see-you/web/views/index/pages/index.html']
  errno: -2,
  code: 'ENOENT',
  syscall: 'open',
  path:
   '/home/wangzz/Desktop/app/you-see-see-you/web/views/index/pages/index.html' }
[2020-05-23T13:24:47.794] [ERROR] app - { [Error: ENOENT: no such file or directory, open '/home/wangzz/Desktop/app/you-see-see-you/dist/views/books/pages/books.html']
  errno: -2,
  code: 'ENOENT',
  syscall: 'open',
  path:
   '/home/wangzz/Desktop/app/you-see-see-you/dist/views/books/pages/books.html' }
[2020-05-23T13:41:16.274] [ERROR] app - { [Error: ENOENT: no such file or directory, open '/home/wangzz/Desktop/app/you-see-see-you/dist/views/books/pages/books.html']
  errno: -2,
  code: 'ENOENT',
  syscall: 'open',
  path:
   '/home/wangzz/Desktop/app/you-see-see-you/dist/views/books/pages/books.html' }
[2020-05-23T13:42:24.769] [ERROR] app - { [Error: ENOENT: no such file or directory, open '/home/wangzz/Desktop/app/you-see-see-you/dist/views/books/pages/books.html']
  errno: -2,
  code: 'ENOENT',
  syscall: 'open',
  path:
   '/home/wangzz/Desktop/app/you-see-see-you/dist/views/books/pages/books.html' }
[2020-05-23T14:25:07.482] [ERROR] app - ReferenceError: createSSRStreamPromise is not defined
    at actionIndex (/home/wangzz/Desktop/app/you-see-see-you/dist/controllers/BookController.js:47:5)
[2020-05-23T14:25:32.190] [ERROR] app - ReferenceError: createSSRStreamPromise is not defined
    at actionIndex (/home/wangzz/Desktop/app/you-see-see-you/dist/controllers/BookController.js:47:5)
